2019/03/25 02:47:18 Logger started.
2019/03/25 02:47:18 [readForever]
2019/03/25 02:47:20 [processInput]
2019/03/25 02:47:20 [shell_debug]: [get]
2019/03/25 02:47:20 [tab-1-start]
2019/03/25 02:47:20 [processInput]
2019/03/25 02:47:20 [shell_debug]: [get]
2019/03/25 02:47:20 [tab-2-start]
2019/03/25 02:47:21 [processInput]
2019/03/25 02:47:21 [shell_debug]: [get]
2019/03/25 02:47:21 [tab-3-start]
2019/03/25 02:47:21 [processInput]
2019/03/25 02:47:21 [shell_debug]: [list]
2019/03/25 02:47:44 [processInput]
2019/03/25 02:47:44 [shell_debug]: [assign 1 html]
2019/03/25 02:47:44 [tab-1-job] html
2019/03/25 02:47:49 [processInput]
2019/03/25 02:47:49 [shell_debug]: [list]
2019/03/25 02:48:07 Logger started.
2019/03/25 02:48:07 [readForever]
2019/03/25 02:48:09 [processInput]
2019/03/25 02:48:09 [shell_debug]: [get]
2019/03/25 02:48:09 [tab-1-start]
2019/03/25 02:48:10 [processInput]
2019/03/25 02:48:10 [shell_debug]: [get]
2019/03/25 02:48:10 [tab-2-start]
2019/03/25 02:48:12 [processInput]
2019/03/25 02:48:12 [shell_debug]: [assign 1 html]
2019/03/25 02:48:12 [tab-1-job] html
2019/03/25 02:48:15 [processInput]
2019/03/25 02:48:15 [shell_debug]: [assign 2 https]
2019/03/25 02:48:15 [tab-2-job] https
2019/03/25 02:48:19 [processInput]
2019/03/25 02:48:19 [shell_debug]: [list]
2019/03/25 02:55:28 Logger started.
2019/03/25 02:55:28 [readForever]
2019/03/25 02:55:30 [processInput]
2019/03/25 02:55:30 [shell_debug]: [get]
2019/03/25 02:55:30 [tab-1-start]
2019/03/25 02:55:31 [processInput]
2019/03/25 02:55:31 [shell_debug]: [get]
2019/03/25 02:55:31 [tab-2-start]
2019/03/25 02:55:32 [processInput]
2019/03/25 02:55:32 [shell_debug]: [list]
2019/03/25 02:55:36 [processInput]
2019/03/25 02:55:36 [shell_debug]: [assign 1 html]
2019/03/25 02:55:36 [tab-1-job] html
2019/03/25 02:55:36 [tab-1-job] start - html
2019/03/25 02:55:37 [processInput]
2019/03/25 02:55:37 [shell_debug]: [list]
2019/03/25 02:55:56 [processInput]
2019/03/25 02:55:56 [shell_debug]: [assign 2 https]
2019/03/25 02:55:56 [tab-2-job] https
2019/03/25 02:55:56 [tab-2-job] start - https
2019/03/25 02:55:56 [processInput]
2019/03/25 02:55:56 [shell_debug]: [list]
